<?xml version="1.0" encoding="UTF-8"?>
<!-- Generated by org.testng.reporters.JUnitReportReporter -->
<testsuite skipped="0" hostname="CH1LPEGR90W7EQN" name="grid.Test1" tests="2" failures="0" timestamp="26 Nov 2021 18:37:37 GMT" time="38.571" errors="0">
  <testcase name="test1" time="13.001" classname="grid.Test1"/>
  <testcase name="test1" time="25.570" classname="grid.Test1"/>
</testsuite> <!-- grid.Test1 -->
