<?xml version="1.0" encoding="UTF-8"?>
<!-- Generated by org.testng.reporters.JUnitReportReporter -->
<testsuite skipped="0" hostname="CH1LPEGR90W7EQN" name="multibrowser.CancelReservation" tests="3" failures="0" timestamp="30 Nov 2021 04:08:45 GMT" time="41.692" errors="0">
  <testcase name="cancel" time="12.442" classname="multibrowser.CancelReservation"/>
  <testcase name="cancel" time="14.258" classname="multibrowser.CancelReservation"/>
  <testcase name="cancel" time="14.992" classname="multibrowser.CancelReservation"/>
</testsuite> <!-- multibrowser.CancelReservation -->
