<?xml version="1.0" encoding="UTF-8"?>
<!-- Generated by org.testng.reporters.JUnitReportReporter -->
<testsuite skipped="0" hostname="CH1LPEGR90W7EQN" name="testcases.CancelReservation" tests="1" failures="0" timestamp="26 Nov 2021 03:47:02 GMT" time="14.751" errors="0">
  <testcase name="cancel" time="14.751" classname="testcases.CancelReservation"/>
</testsuite> <!-- testcases.CancelReservation -->
