<?xml version="1.0" encoding="UTF-8"?>
<!-- Generated by org.testng.reporters.JUnitReportReporter -->
<testsuite skipped="0" hostname="CH1LPEGR90W7EQN" name="testcases.HomePage" tests="3" failures="0" timestamp="25 Nov 2021 19:00:18 GMT" time="86.285" errors="0">
  <testcase name="firstpage" time="34.575" classname="testcases.HomePage"/>
  <testcase name="firstpage" time="26.565" classname="testcases.HomePage"/>
  <testcase name="firstpage" time="25.145" classname="testcases.HomePage"/>
</testsuite> <!-- testcases.HomePage -->
