<?xml version="1.0" encoding="UTF-8"?>
<!-- Generated by org.testng.reporters.JUnitReportReporter -->
<testsuite skipped="0" hostname="CH1LPEGR90W7EQN" name="grid.test" tests="2" failures="0" timestamp="26 Nov 2021 18:20:33 GMT" time="24.670" errors="0">
  <testcase name="tc" time="13.105" classname="grid.test"/>
  <testcase name="tc4" time="11.565" classname="grid.test"/>
</testsuite> <!-- grid.test -->
