<?xml version="1.0" encoding="UTF-8"?>
<!-- Generated by org.testng.reporters.JUnitReportReporter -->
<testsuite skipped="0" hostname="CH1LPEGR90W7EQN" name="grid.CancelReservation" tests="2" failures="0" timestamp="29 Nov 2021 03:45:00 GMT" time="35.455" errors="0">
  <testcase name="cancel" time="18.751" classname="grid.CancelReservation"/>
  <testcase name="cancel" time="16.704" classname="grid.CancelReservation"/>
</testsuite> <!-- grid.CancelReservation -->
