<?xml version="1.0" encoding="UTF-8"?>
<!-- Generated by org.testng.reporters.JUnitReportReporter -->
<testsuite skipped="0" hostname="CH1LPEGR90W7EQN" name="jsonTestCase.JsonTC" tests="1" failures="0" timestamp="25 Nov 2021 03:47:45 GMT" time="0.067" errors="0">
  <testcase name="run" time="0.067" classname="jsonTestCase.JsonTC"/>
</testsuite> <!-- jsonTestCase.JsonTC -->
